This is pdfTeX, Version 3.14159265-2.6-1.40.18 (MiKTeX 2.9.6300 64-bit) (preloaded format=pdflatex 2017.5.27)  9 JUN 2017 11:23
entering extended mode
**./macs.tex
(macs.tex
LaTeX2e <2017-04-15>
Babel <3.9r> and hyphenation patterns for 75 language(s) loaded.
(dalthesis.cls
Document Class: dalthesis 2012/11/13 v1.0 Dalhousie University thesis class
("C:\Users\john\AppData\Local\Programs\MiKTeX 2.9\tex\latex\base\report.cls"
Document Class: report 2014/09/29 v1.4h Standard LaTeX document class
("C:\Users\john\AppData\Local\Programs\MiKTeX 2.9\tex\latex\base\size12.clo"
File: size12.clo 2014/09/29 v1.4h Standard LaTeX file (size option)
)
\c@part=\count79
\c@chapter=\count80
\c@section=\count81
\c@subsection=\count82
\c@subsubsection=\count83
\c@paragraph=\count84
\c@subparagraph=\count85
\c@figure=\count86
\c@table=\count87
\abovecaptionskip=\skip41
\belowcaptionskip=\skip42
\bibindent=\dimen102
)
(afterpage.sty
Package: afterpage 1995/10/27 v1.08 After-Page Package (DPC)
\AP@output=\toks14
\AP@partial=\box26
\AP@footins=\box27
)
\dal@textheight@default=\skip43
\dal@textheight@footer=\skip44
\dal@tempdima=\dimen103
\dal@tempdimb=\dimen104
 (glossary.sty
Package: glossary 2004/11/02 2.12 (NLCT)

("C:\Users\john\AppData\Local\Programs\MiKTeX 2.9\tex\latex\base\ifthen.sty"
Package: ifthen 2014/09/29 v1.1c Standard LaTeX ifthen package (DPC)
)
("C:\Users\john\AppData\Local\Programs\MiKTeX 2.9\tex\latex\graphics\keyval.sty
"
Package: keyval 2014/10/28 v1.15 key=value parser (DPC)
\KV@toks@=\toks15
)
\gls@cols=\count88

("C:\Users\john\AppData\Local\Programs\MiKTeX 2.9\tex\latex\tools\longtable.sty
"
Package: longtable 2014/10/28 v4.11 Multi-page Table package (DPC)
\LTleft=\skip45
\LTright=\skip46
\LTpre=\skip47
\LTpost=\skip48
\LTchunksize=\count89
\LTcapwidth=\dimen105
\LT@head=\box28
\LT@firsthead=\box29
\LT@foot=\box30
\LT@lastfoot=\box31
\LT@cols=\count90
\LT@rows=\count91
\c@LT@tables=\count92
\c@LT@chunks=\count93
\LT@p@ftn=\toks16
)
\descriptionwidth=\skip49
\istfile=\write3
)
\@glossaryfile=\write4
\openout4 = `macs.glo'.


Writing glossary file macs.glo 
\dal@supervisornum=\count94
\c@dal@signatures=\count95
\c@dal@readernum=\count96
) (macs.aux)
\openout1 = `macs.aux'.

LaTeX Font Info:    Checking defaults for OML/cmm/m/it on input line 6.
LaTeX Font Info:    ... okay on input line 6.
LaTeX Font Info:    Checking defaults for T1/cmr/m/n on input line 6.
LaTeX Font Info:    ... okay on input line 6.
LaTeX Font Info:    Checking defaults for OT1/cmr/m/n on input line 6.
LaTeX Font Info:    ... okay on input line 6.
LaTeX Font Info:    Checking defaults for OMS/cmsy/m/n on input line 6.
LaTeX Font Info:    ... okay on input line 6.
LaTeX Font Info:    Checking defaults for OMX/cmex/m/n on input line 6.
LaTeX Font Info:    ... okay on input line 6.
LaTeX Font Info:    Checking defaults for U/cmr/m/n on input line 6.
LaTeX Font Info:    ... okay on input line 6.

Unavoidable over/underfulls may occur in the first
few pages of dalcsthesis. These can usually be ignored.
However, if uncorrectable errors occur, notify staff.
LaTeX Info: Redefining \\ on input line 26.
LaTeX Font Info:    Try loading font information for OMS+cmr on input line 26.
("C:\Users\john\AppData\Local\Programs\MiKTeX 2.9\tex\latex\base\omscmr.fd"
File: omscmr.fd 2014/09/29 v2.5h Standard LaTeX font definitions
)
LaTeX Font Info:    Font shape `OMS/cmr/m/n' in size <12> not available
(Font)              Font shape `OMS/cmsy/m/n' tried instead on input line 26.

[1

\openout3 = `macs.ist'.

{C:/Users/john/AppData/Local/MiKTeX/2.9/pdftex/config/pdftex.map}] (macs.toc
LaTeX Font Info:    External font `cmex10' loaded for size
(Font)              <12> on input line 2.
LaTeX Font Info:    External font `cmex10' loaded for size
(Font)              <8> on input line 2.
LaTeX Font Info:    External font `cmex10' loaded for size
(Font)              <6> on input line 2.
)
\tf@toc=\write5
\openout5 = `macs.toc'.

[2


]
\ab@page=\count97

No file macs.gls.
[3


] [4

]
Dalthesis preface pages completed.
Chapter 1.
[1

]
Chapter 2.
[2

]
Chapter 3.
(macs.bbl [3

]
Missing character: There is no â in font cmr12!
Missing character: There is no € in font cmr12!
Missing character: There is no “ in font cmr12!
) [4


] (macs.aux) ) 
Here is how much of TeX's memory you used:
 779 strings out of 493328
 9649 string characters out of 3130507
 71108 words of memory out of 3000000
 4357 multiletter control sequences out of 15000+200000
 7635 words of font info for 27 fonts, out of 3000000 for 9000
 1141 hyphenation exceptions out of 8191
 32i,5n,28p,1323b,158s stack positions out of 5000i,500n,10000p,200000b,50000s
<C:/Users/john/AppData/Local/Programs/MiKTeX 2.9/fonts/type1/publ
ic/amsfonts/cm/cmbx12.pfb><C:/Users/john/AppData/Local/Programs/MiKTeX 2.9/font
s/type1/public/amsfonts/cm/cmr12.pfb><C:/Users/john/AppData/Local/Programs/MiKT
eX 2.9/fonts/type1/public/amsfonts/cm/cmsy10.pfb><C:/Users/john/AppData/Local/P
rograms/MiKTeX 2.9/fonts/type1/public/amsfonts/cm/cmti12.pfb>
Output written on macs.pdf (8 pages, 60052 bytes).
PDF statistics:
 45 PDF objects out of 1000 (max. 8388607)
 0 named destinations out of 1000 (max. 500000)
 1 words of extra memory for PDF output out of 10000 (max. 10000000)

